[0321/122622.042:INFO:CONSOLE(2)] "https://ss1.cloud.kt.com:1000/focuspang-media/users/7a99fbb8-ea32-4ac8-a6b2-1fbc0967adda.png?1710991559126", source: https://student.focuspang.com/static/js/main.05572ee9.js (2)
[0321/122622.044:INFO:CONSOLE(2)] "크롬 확장 프로그램이 설치되어 있지 않거나 확장 프로그램 아이디가 잘못되었습니다.", source: https://student.focuspang.com/static/js/main.05572ee9.js (2)
[0321/122622.044:INFO:CONSOLE(2)] "https://ss1.cloud.kt.com:1000/focuspang-media/users/7a99fbb8-ea32-4ac8-a6b2-1fbc0967adda.png?1710991559126", source: https://student.focuspang.com/static/js/main.05572ee9.js (2)
[0321/122622.044:INFO:CONSOLE(2)] "크롬 확장 프로그램이 설치되어 있지 않거나 확장 프로그램 아이디가 잘못되었습니다.", source: https://student.focuspang.com/static/js/main.05572ee9.js (2)
[0321/122622.045:INFO:CONSOLE(2)] "https://ss1.cloud.kt.com:1000/focuspang-media/users/7a99fbb8-ea32-4ac8-a6b2-1fbc0967adda.png?1710991559126", source: https://student.focuspang.com/static/js/main.05572ee9.js (2)
[0321/122622.045:INFO:CONSOLE(2)] "https://ss1.cloud.kt.com:1000/focuspang-media/users/7a99fbb8-ea32-4ac8-a6b2-1fbc0967adda.png?1710991559126", source: https://student.focuspang.com/static/js/main.05572ee9.js (2)
[0321/122622.045:INFO:CONSOLE(2)] "크롬 확장 프로그램이 설치되어 있지 않거나 확장 프로그램 아이디가 잘못되었습니다.", source: https://student.focuspang.com/static/js/main.05572ee9.js (2)
[0321/122622.045:INFO:CONSOLE(2)] "https://ss1.cloud.kt.com:1000/focuspang-media/users/7a99fbb8-ea32-4ac8-a6b2-1fbc0967adda.png?1710991559126", source: https://student.focuspang.com/static/js/main.05572ee9.js (2)
[0321/122622.046:INFO:CONSOLE(2)] "크롬 확장 프로그램이 설치되어 있지 않거나 확장 프로그램 아이디가 잘못되었습니다.", source: https://student.focuspang.com/static/js/main.05572ee9.js (2)
[0321/122622.046:INFO:CONSOLE(2)] "https://ss1.cloud.kt.com:1000/focuspang-media/users/7a99fbb8-ea32-4ac8-a6b2-1fbc0967adda.png?1710991559126", source: https://student.focuspang.com/static/js/main.05572ee9.js (2)
[0321/122622.078:INFO:CONSOLE(2)] "https://ss1.cloud.kt.com:1000/focuspang-media/users/7a99fbb8-ea32-4ac8-a6b2-1fbc0967adda.png?1710991559126", source: https://student.focuspang.com/static/js/main.05572ee9.js (2)
[0321/122622.137:INFO:CONSOLE(2)] "https://ss1.cloud.kt.com:1000/focuspang-media/users/7a99fbb8-ea32-4ac8-a6b2-1fbc0967adda.png?1710991559126", source: https://student.focuspang.com/static/js/main.05572ee9.js (2)
[0321/122622.137:INFO:CONSOLE(2)] "[object Object]", source: https://student.focuspang.com/static/js/main.05572ee9.js (2)
[0321/122622.137:INFO:CONSOLE(2)] "https://ss1.cloud.kt.com:1000/focuspang-media/users/7a99fbb8-ea32-4ac8-a6b2-1fbc0967adda.png?1710991559126", source: https://student.focuspang.com/static/js/main.05572ee9.js (2)
[0321/122622.171:INFO:CONSOLE(2)] "https://ss1.cloud.kt.com:1000/focuspang-media/users/7a99fbb8-ea32-4ac8-a6b2-1fbc0967adda.png?1710991559126", source: https://student.focuspang.com/static/js/main.05572ee9.js (2)
[0321/122622.172:INFO:CONSOLE(2)] "https://ss1.cloud.kt.com:1000/focuspang-media/users/7a99fbb8-ea32-4ac8-a6b2-1fbc0967adda.png?1710991559126", source: https://student.focuspang.com/static/js/main.05572ee9.js (2)
[0321/122622.172:INFO:CONSOLE(2)] "https://ss1.cloud.kt.com:1000/focuspang-media/users/7a99fbb8-ea32-4ac8-a6b2-1fbc0967adda.png?1710991559126", source: https://student.focuspang.com/static/js/main.05572ee9.js (2)
[0321/122623.933:INFO:CONSOLE(2)] "https://ss1.cloud.kt.com:1000/focuspang-media/users/7a99fbb8-ea32-4ac8-a6b2-1fbc0967adda.png?1710991559126", source: https://student.focuspang.com/static/js/main.05572ee9.js (2)
[0321/122623.933:INFO:CONSOLE(2)] "https://ss1.cloud.kt.com:1000/focuspang-media/users/7a99fbb8-ea32-4ac8-a6b2-1fbc0967adda.png?1710991559126", source: https://student.focuspang.com/static/js/main.05572ee9.js (2)
[0321/122624.623:INFO:CONSOLE(2)] "https://ss1.cloud.kt.com:1000/focuspang-media/users/7a99fbb8-ea32-4ac8-a6b2-1fbc0967adda.png?1710991559126", source: https://student.focuspang.com/static/js/main.05572ee9.js (2)
[0321/122624.623:INFO:CONSOLE(2)] "크롬 확장 프로그램이 설치되어 있지 않거나 확장 프로그램 아이디가 잘못되었습니다.", source: https://student.focuspang.com/static/js/main.05572ee9.js (2)
[0321/122624.623:INFO:CONSOLE(2)] "https://ss1.cloud.kt.com:1000/focuspang-media/users/7a99fbb8-ea32-4ac8-a6b2-1fbc0967adda.png?1710991559126", source: https://student.focuspang.com/static/js/main.05572ee9.js (2)
[0321/122624.623:INFO:CONSOLE(2)] "크롬 확장 프로그램이 설치되어 있지 않거나 확장 프로그램 아이디가 잘못되었습니다.", source: https://student.focuspang.com/static/js/main.05572ee9.js (2)
[0321/122624.623:INFO:CONSOLE(2)] "https://ss1.cloud.kt.com:1000/focuspang-media/users/7a99fbb8-ea32-4ac8-a6b2-1fbc0967adda.png?1710991559126", source: https://student.focuspang.com/static/js/main.05572ee9.js (2)
[0321/122625.925:INFO:CONSOLE(2)] "https://ss1.cloud.kt.com:1000/focuspang-media/users/7a99fbb8-ea32-4ac8-a6b2-1fbc0967adda.png?1710991559126", source: https://student.focuspang.com/static/js/main.05572ee9.js (2)
[0321/122626.011:INFO:CONSOLE(2)] "https://ss1.cloud.kt.com:1000/focuspang-media/users/7a99fbb8-ea32-4ac8-a6b2-1fbc0967adda.png?1710991559126", source: https://student.focuspang.com/static/js/main.05572ee9.js (2)
[0321/122626.015:INFO:CONSOLE(2)] "https://ss1.cloud.kt.com:1000/focuspang-media/users/7a99fbb8-ea32-4ac8-a6b2-1fbc0967adda.png?1710991559126", source: https://student.focuspang.com/static/js/main.05572ee9.js (2)
[0321/122627.377:INFO:CONSOLE(2)] "https://ss1.cloud.kt.com:1000/focuspang-media/users/7a99fbb8-ea32-4ac8-a6b2-1fbc0967adda.png?1710991587355", source: https://student.focuspang.com/static/js/main.05572ee9.js (2)
[0321/122627.377:INFO:CONSOLE(2)] "https://ss1.cloud.kt.com:1000/focuspang-media/users/7a99fbb8-ea32-4ac8-a6b2-1fbc0967adda.png?1710991587355", source: https://student.focuspang.com/static/js/main.05572ee9.js (2)
[0321/122629.665:INFO:CONSOLE(2)] "https://ss1.cloud.kt.com:1000/focuspang-media/users/7a99fbb8-ea32-4ac8-a6b2-1fbc0967adda.png?1710991587355", source: https://student.focuspang.com/static/js/main.05572ee9.js (2)
[0321/122629.665:INFO:CONSOLE(2)] "크롬 확장 프로그램이 설치되어 있지 않거나 확장 프로그램 아이디가 잘못되었습니다.", source: https://student.focuspang.com/static/js/main.05572ee9.js (2)
[0321/122629.665:INFO:CONSOLE(2)] "https://ss1.cloud.kt.com:1000/focuspang-media/users/7a99fbb8-ea32-4ac8-a6b2-1fbc0967adda.png?1710991587355", source: https://student.focuspang.com/static/js/main.05572ee9.js (2)
[0321/122629.665:INFO:CONSOLE(2)] "크롬 확장 프로그램이 설치되어 있지 않거나 확장 프로그램 아이디가 잘못되었습니다.", source: https://student.focuspang.com/static/js/main.05572ee9.js (2)
[0321/122629.665:INFO:CONSOLE(2)] "https://ss1.cloud.kt.com:1000/focuspang-media/users/7a99fbb8-ea32-4ac8-a6b2-1fbc0967adda.png?1710991587355", source: https://student.focuspang.com/static/js/main.05572ee9.js (2)
[0321/122629.689:INFO:CONSOLE(2)] "https://ss1.cloud.kt.com:1000/focuspang-media/users/7a99fbb8-ea32-4ac8-a6b2-1fbc0967adda.png?1710991587355", source: https://student.focuspang.com/static/js/main.05572ee9.js (2)
[0321/122629.689:INFO:CONSOLE(2)] "[object Object]", source: https://student.focuspang.com/static/js/main.05572ee9.js (2)
[0321/122629.689:INFO:CONSOLE(2)] "https://ss1.cloud.kt.com:1000/focuspang-media/users/7a99fbb8-ea32-4ac8-a6b2-1fbc0967adda.png?1710991587355", source: https://student.focuspang.com/static/js/main.05572ee9.js (2)
[0321/122629.710:INFO:CONSOLE(2)] "https://ss1.cloud.kt.com:1000/focuspang-media/users/7a99fbb8-ea32-4ac8-a6b2-1fbc0967adda.png?1710991587355", source: https://student.focuspang.com/static/js/main.05572ee9.js (2)
[0321/122629.713:INFO:CONSOLE(2)] "https://ss1.cloud.kt.com:1000/focuspang-media/users/7a99fbb8-ea32-4ac8-a6b2-1fbc0967adda.png?1710991587355", source: https://student.focuspang.com/static/js/main.05572ee9.js (2)
[0321/122629.713:INFO:CONSOLE(2)] "https://ss1.cloud.kt.com:1000/focuspang-media/users/7a99fbb8-ea32-4ac8-a6b2-1fbc0967adda.png?1710991587355", source: https://student.focuspang.com/static/js/main.05572ee9.js (2)
[0321/122634.673:INFO:CONSOLE(2)] "https://ss1.cloud.kt.com:1000/focuspang-media/users/7a99fbb8-ea32-4ac8-a6b2-1fbc0967adda.png?1710991587355", source: https://student.focuspang.com/static/js/main.05572ee9.js (2)
[0321/122634.673:INFO:CONSOLE(2)] "크롬 확장 프로그램이 설치되어 있지 않거나 확장 프로그램 아이디가 잘못되었습니다.", source: https://student.focuspang.com/static/js/main.05572ee9.js (2)
[0321/122634.673:INFO:CONSOLE(2)] "https://ss1.cloud.kt.com:1000/focuspang-media/users/7a99fbb8-ea32-4ac8-a6b2-1fbc0967adda.png?1710991587355", source: https://student.focuspang.com/static/js/main.05572ee9.js (2)
[0321/122634.673:INFO:CONSOLE(2)] "크롬 확장 프로그램이 설치되어 있지 않거나 확장 프로그램 아이디가 잘못되었습니다.", source: https://student.focuspang.com/static/js/main.05572ee9.js (2)
[0321/122634.673:INFO:CONSOLE(2)] "https://ss1.cloud.kt.com:1000/focuspang-media/users/7a99fbb8-ea32-4ac8-a6b2-1fbc0967adda.png?1710991587355", source: https://student.focuspang.com/static/js/main.05572ee9.js (2)
[0321/122639.649:INFO:CONSOLE(2)] "https://ss1.cloud.kt.com:1000/focuspang-media/users/7a99fbb8-ea32-4ac8-a6b2-1fbc0967adda.png?1710991587355", source: https://student.focuspang.com/static/js/main.05572ee9.js (2)
[0321/122639.649:INFO:CONSOLE(2)] "[object Object]", source: https://student.focuspang.com/static/js/main.05572ee9.js (2)
[0321/122639.649:INFO:CONSOLE(2)] "https://ss1.cloud.kt.com:1000/focuspang-media/users/7a99fbb8-ea32-4ac8-a6b2-1fbc0967adda.png?1710991587355", source: https://student.focuspang.com/static/js/main.05572ee9.js (2)
[0321/122639.661:INFO:CONSOLE(2)] "https://ss1.cloud.kt.com:1000/focuspang-media/users/7a99fbb8-ea32-4ac8-a6b2-1fbc0967adda.png?1710991587355", source: https://student.focuspang.com/static/js/main.05572ee9.js (2)
[0321/122639.661:INFO:CONSOLE(2)] "https://ss1.cloud.kt.com:1000/focuspang-media/users/7a99fbb8-ea32-4ac8-a6b2-1fbc0967adda.png?1710991587355", source: https://student.focuspang.com/static/js/main.05572ee9.js (2)
[0321/122639.661:INFO:CONSOLE(2)] "https://ss1.cloud.kt.com:1000/focuspang-media/users/7a99fbb8-ea32-4ac8-a6b2-1fbc0967adda.png?1710991587355", source: https://student.focuspang.com/static/js/main.05572ee9.js (2)
[0321/122639.676:INFO:CONSOLE(2)] "https://ss1.cloud.kt.com:1000/focuspang-media/users/7a99fbb8-ea32-4ac8-a6b2-1fbc0967adda.png?1710991587355", source: https://student.focuspang.com/static/js/main.05572ee9.js (2)
[0321/122639.676:INFO:CONSOLE(2)] "크롬 확장 프로그램이 설치되어 있지 않거나 확장 프로그램 아이디가 잘못되었습니다.", source: https://student.focuspang.com/static/js/main.05572ee9.js (2)
[0321/122639.676:INFO:CONSOLE(2)] "https://ss1.cloud.kt.com:1000/focuspang-media/users/7a99fbb8-ea32-4ac8-a6b2-1fbc0967adda.png?1710991587355", source: https://student.focuspang.com/static/js/main.05572ee9.js (2)
[0321/122639.676:INFO:CONSOLE(2)] "크롬 확장 프로그램이 설치되어 있지 않거나 확장 프로그램 아이디가 잘못되었습니다.", source: https://student.focuspang.com/static/js/main.05572ee9.js (2)
[0321/122639.676:INFO:CONSOLE(2)] "https://ss1.cloud.kt.com:1000/focuspang-media/users/7a99fbb8-ea32-4ac8-a6b2-1fbc0967adda.png?1710991587355", source: https://student.focuspang.com/static/js/main.05572ee9.js (2)
[0321/122644.662:INFO:CONSOLE(2)] "https://ss1.cloud.kt.com:1000/focuspang-media/users/7a99fbb8-ea32-4ac8-a6b2-1fbc0967adda.png?1710991587355", source: https://student.focuspang.com/static/js/main.05572ee9.js (2)
[0321/122644.662:INFO:CONSOLE(2)] "크롬 확장 프로그램이 설치되어 있지 않거나 확장 프로그램 아이디가 잘못되었습니다.", source: https://student.focuspang.com/static/js/main.05572ee9.js (2)
[0321/122644.662:INFO:CONSOLE(2)] "https://ss1.cloud.kt.com:1000/focuspang-media/users/7a99fbb8-ea32-4ac8-a6b2-1fbc0967adda.png?1710991587355", source: https://student.focuspang.com/static/js/main.05572ee9.js (2)
[0321/122644.662:INFO:CONSOLE(2)] "크롬 확장 프로그램이 설치되어 있지 않거나 확장 프로그램 아이디가 잘못되었습니다.", source: https://student.focuspang.com/static/js/main.05572ee9.js (2)
[0321/122644.662:INFO:CONSOLE(2)] "https://ss1.cloud.kt.com:1000/focuspang-media/users/7a99fbb8-ea32-4ac8-a6b2-1fbc0967adda.png?1710991587355", source: https://student.focuspang.com/static/js/main.05572ee9.js (2)
[0321/122649.648:INFO:CONSOLE(2)] "https://ss1.cloud.kt.com:1000/focuspang-media/users/7a99fbb8-ea32-4ac8-a6b2-1fbc0967adda.png?1710991587355", source: https://student.focuspang.com/static/js/main.05572ee9.js (2)
[0321/122649.648:INFO:CONSOLE(2)] "[object Object]", source: https://student.focuspang.com/static/js/main.05572ee9.js (2)
[0321/122649.648:INFO:CONSOLE(2)] "https://ss1.cloud.kt.com:1000/focuspang-media/users/7a99fbb8-ea32-4ac8-a6b2-1fbc0967adda.png?1710991587355", source: https://student.focuspang.com/static/js/main.05572ee9.js (2)
[0321/122649.662:INFO:CONSOLE(2)] "https://ss1.cloud.kt.com:1000/focuspang-media/users/7a99fbb8-ea32-4ac8-a6b2-1fbc0967adda.png?1710991587355", source: https://student.focuspang.com/static/js/main.05572ee9.js (2)
[0321/122649.662:INFO:CONSOLE(2)] "https://ss1.cloud.kt.com:1000/focuspang-media/users/7a99fbb8-ea32-4ac8-a6b2-1fbc0967adda.png?1710991587355", source: https://student.focuspang.com/static/js/main.05572ee9.js (2)
[0321/122649.662:INFO:CONSOLE(2)] "https://ss1.cloud.kt.com:1000/focuspang-media/users/7a99fbb8-ea32-4ac8-a6b2-1fbc0967adda.png?1710991587355", source: https://student.focuspang.com/static/js/main.05572ee9.js (2)
[0321/122649.677:INFO:CONSOLE(2)] "https://ss1.cloud.kt.com:1000/focuspang-media/users/7a99fbb8-ea32-4ac8-a6b2-1fbc0967adda.png?1710991587355", source: https://student.focuspang.com/static/js/main.05572ee9.js (2)
[0321/122649.677:INFO:CONSOLE(2)] "크롬 확장 프로그램이 설치되어 있지 않거나 확장 프로그램 아이디가 잘못되었습니다.", source: https://student.focuspang.com/static/js/main.05572ee9.js (2)
[0321/122649.677:INFO:CONSOLE(2)] "https://ss1.cloud.kt.com:1000/focuspang-media/users/7a99fbb8-ea32-4ac8-a6b2-1fbc0967adda.png?1710991587355", source: https://student.focuspang.com/static/js/main.05572ee9.js (2)
[0321/122649.677:INFO:CONSOLE(2)] "크롬 확장 프로그램이 설치되어 있지 않거나 확장 프로그램 아이디가 잘못되었습니다.", source: https://student.focuspang.com/static/js/main.05572ee9.js (2)
[0321/122649.677:INFO:CONSOLE(2)] "https://ss1.cloud.kt.com:1000/focuspang-media/users/7a99fbb8-ea32-4ac8-a6b2-1fbc0967adda.png?1710991587355", source: https://student.focuspang.com/static/js/main.05572ee9.js (2)
[0321/122654.666:INFO:CONSOLE(2)] "https://ss1.cloud.kt.com:1000/focuspang-media/users/7a99fbb8-ea32-4ac8-a6b2-1fbc0967adda.png?1710991587355", source: https://student.focuspang.com/static/js/main.05572ee9.js (2)
[0321/122654.666:INFO:CONSOLE(2)] "크롬 확장 프로그램이 설치되어 있지 않거나 확장 프로그램 아이디가 잘못되었습니다.", source: https://student.focuspang.com/static/js/main.05572ee9.js (2)
[0321/122654.666:INFO:CONSOLE(2)] "https://ss1.cloud.kt.com:1000/focuspang-media/users/7a99fbb8-ea32-4ac8-a6b2-1fbc0967adda.png?1710991587355", source: https://student.focuspang.com/static/js/main.05572ee9.js (2)
[0321/122654.666:INFO:CONSOLE(2)] "크롬 확장 프로그램이 설치되어 있지 않거나 확장 프로그램 아이디가 잘못되었습니다.", source: https://student.focuspang.com/static/js/main.05572ee9.js (2)
[0321/122654.666:INFO:CONSOLE(2)] "https://ss1.cloud.kt.com:1000/focuspang-media/users/7a99fbb8-ea32-4ac8-a6b2-1fbc0967adda.png?1710991587355", source: https://student.focuspang.com/static/js/main.05572ee9.js (2)
[0321/122656.732:INFO:CONSOLE(2)] "https://ss1.cloud.kt.com:1000/focuspang-media/users/7a99fbb8-ea32-4ac8-a6b2-1fbc0967adda.png?1710991587355", source: https://student.focuspang.com/static/js/main.05572ee9.js (2)
[0321/122656.732:INFO:CONSOLE(2)] "TypeError: Cannot read properties of undefined (reading 'sendMessage')", source: https://student.focuspang.com/static/js/main.05572ee9.js (2)
[0321/122656.736:INFO:CONSOLE(2)] "[ConnectionManager]: CLASS_START d15629b8-f14a-4c8f-88d2-14f8ef22fc95 7a99fbb8-ea32-4ac8-a6b2-1fbc0967adda", source: https://student.focuspang.com/static/js/main.05572ee9.js (2)
[0321/122656.736:INFO:CONSOLE(2)] "https://ss1.cloud.kt.com:1000/focuspang-media/users/7a99fbb8-ea32-4ac8-a6b2-1fbc0967adda.png?1710991587355", source: https://student.focuspang.com/static/js/main.05572ee9.js (2)
[0321/122656.737:INFO:CONSOLE(2)] "https://ss1.cloud.kt.com:1000/focuspang-media/users/7a99fbb8-ea32-4ac8-a6b2-1fbc0967adda.png?1710991587355", source: https://student.focuspang.com/static/js/main.05572ee9.js (2)
[0321/122656.756:INFO:CONSOLE(2)] "https://ss1.cloud.kt.com:1000/focuspang-media/users/7a99fbb8-ea32-4ac8-a6b2-1fbc0967adda.png?1710991587355", source: https://student.focuspang.com/static/js/main.05572ee9.js (2)
[0321/122656.756:INFO:CONSOLE(2)] "https://ss1.cloud.kt.com:1000/focuspang-media/users/7a99fbb8-ea32-4ac8-a6b2-1fbc0967adda.png?1710991587355", source: https://student.focuspang.com/static/js/main.05572ee9.js (2)
[0321/122656.782:INFO:CONSOLE(2)] "https://ss1.cloud.kt.com:1000/focuspang-media/users/7a99fbb8-ea32-4ac8-a6b2-1fbc0967adda.png?1710991587355", source: https://student.focuspang.com/static/js/main.05572ee9.js (2)
[0321/122656.782:INFO:CONSOLE(2)] "https://ss1.cloud.kt.com:1000/focuspang-media/users/7a99fbb8-ea32-4ac8-a6b2-1fbc0967adda.png?1710991587355", source: https://student.focuspang.com/static/js/main.05572ee9.js (2)
[0321/122656.801:INFO:CONSOLE(2)] "https://ss1.cloud.kt.com:1000/focuspang-media/users/7a99fbb8-ea32-4ac8-a6b2-1fbc0967adda.png?1710991587355", source: https://student.focuspang.com/static/js/main.05572ee9.js (2)
[0321/122656.801:INFO:CONSOLE(2)] "https://ss1.cloud.kt.com:1000/focuspang-media/users/7a99fbb8-ea32-4ac8-a6b2-1fbc0967adda.png?1710991587355", source: https://student.focuspang.com/static/js/main.05572ee9.js (2)
[0321/122656.831:INFO:CONSOLE(2)] "https://ss1.cloud.kt.com:1000/focuspang-media/users/7a99fbb8-ea32-4ac8-a6b2-1fbc0967adda.png?1710991587355", source: https://student.focuspang.com/static/js/main.05572ee9.js (2)
[0321/122656.837:INFO:CONSOLE(2)] "https://ss1.cloud.kt.com:1000/focuspang-media/users/7a99fbb8-ea32-4ac8-a6b2-1fbc0967adda.png?1710991587355", source: https://student.focuspang.com/static/js/main.05572ee9.js (2)
[0321/122656.837:INFO:CONSOLE(2)] "https://ss1.cloud.kt.com:1000/focuspang-media/users/7a99fbb8-ea32-4ac8-a6b2-1fbc0967adda.png?1710991587355", source: https://student.focuspang.com/static/js/main.05572ee9.js (2)
[0321/122656.851:INFO:CONSOLE(2)] "[Connection Manager] 출석이 필요합니다.", source: https://student.focuspang.com/static/js/main.05572ee9.js (2)
[0321/122656.865:INFO:CONSOLE(2)] "https://ss1.cloud.kt.com:1000/focuspang-media/users/7a99fbb8-ea32-4ac8-a6b2-1fbc0967adda.png?1710991587355", source: https://student.focuspang.com/static/js/main.05572ee9.js (2)
[0321/122656.868:INFO:CONSOLE(2)] "https://ss1.cloud.kt.com:1000/focuspang-media/users/7a99fbb8-ea32-4ac8-a6b2-1fbc0967adda.png?1710991587355", source: https://student.focuspang.com/static/js/main.05572ee9.js (2)
[0321/122656.897:INFO:CONSOLE(2)] "https://ss1.cloud.kt.com:1000/focuspang-media/users/7a99fbb8-ea32-4ac8-a6b2-1fbc0967adda.png?1710991587355", source: https://student.focuspang.com/static/js/main.05572ee9.js (2)
[0321/122656.902:INFO:CONSOLE(2)] "https://ss1.cloud.kt.com:1000/focuspang-media/users/7a99fbb8-ea32-4ac8-a6b2-1fbc0967adda.png?1710991587355", source: https://student.focuspang.com/static/js/main.05572ee9.js (2)
[0321/122656.934:INFO:CONSOLE(2)] "https://ss1.cloud.kt.com:1000/focuspang-media/users/7a99fbb8-ea32-4ac8-a6b2-1fbc0967adda.png?1710991587355", source: https://student.focuspang.com/static/js/main.05572ee9.js (2)
[0321/122656.934:INFO:CONSOLE(2)] "https://ss1.cloud.kt.com:1000/focuspang-media/users/7a99fbb8-ea32-4ac8-a6b2-1fbc0967adda.png?1710991587355", source: https://student.focuspang.com/static/js/main.05572ee9.js (2)
[0321/122656.984:INFO:CONSOLE(2)] "classsroomSessionData [object Object]", source: https://student.focuspang.com/static/js/main.05572ee9.js (2)
[0321/122656.989:INFO:CONSOLE(2)] "https://ss1.cloud.kt.com:1000/focuspang-media/users/7a99fbb8-ea32-4ac8-a6b2-1fbc0967adda.png?1710991587355", source: https://student.focuspang.com/static/js/main.05572ee9.js (2)
[0321/122656.992:INFO:CONSOLE(2)] "https://ss1.cloud.kt.com:1000/focuspang-media/users/7a99fbb8-ea32-4ac8-a6b2-1fbc0967adda.png?1710991587355", source: https://student.focuspang.com/static/js/main.05572ee9.js (2)
[0321/122656.992:INFO:CONSOLE(2)] "https://ss1.cloud.kt.com:1000/focuspang-media/users/7a99fbb8-ea32-4ac8-a6b2-1fbc0967adda.png?1710991587355", source: https://student.focuspang.com/static/js/main.05572ee9.js (2)
[0321/122656.992:INFO:CONSOLE(2)] "https://ss1.cloud.kt.com:1000/focuspang-media/users/7a99fbb8-ea32-4ac8-a6b2-1fbc0967adda.png?1710991587355", source: https://student.focuspang.com/static/js/main.05572ee9.js (2)
[0321/122657.002:INFO:CONSOLE(2)] "networkSpeed 24.87", source: https://student.focuspang.com/static/js/main.05572ee9.js (2)
[0321/122657.007:INFO:CONSOLE(2)] "https://ss1.cloud.kt.com:1000/focuspang-media/users/7a99fbb8-ea32-4ac8-a6b2-1fbc0967adda.png?1710991587355", source: https://student.focuspang.com/static/js/main.05572ee9.js (2)
[0321/122657.007:INFO:CONSOLE(2)] "https://ss1.cloud.kt.com:1000/focuspang-media/users/7a99fbb8-ea32-4ac8-a6b2-1fbc0967adda.png?1710991587355", source: https://student.focuspang.com/static/js/main.05572ee9.js (2)
[0321/122657.007:INFO:CONSOLE(2)] "[ClassManager] activeClassroom: [object Object]", source: https://student.focuspang.com/static/js/main.05572ee9.js (2)
[0321/122657.016:INFO:CONSOLE(2)] "https://ss1.cloud.kt.com:1000/focuspang-media/users/7a99fbb8-ea32-4ac8-a6b2-1fbc0967adda.png?1710991587355", source: https://student.focuspang.com/static/js/main.05572ee9.js (2)
[0321/122657.016:INFO:CONSOLE(2)] "https://ss1.cloud.kt.com:1000/focuspang-media/users/7a99fbb8-ea32-4ac8-a6b2-1fbc0967adda.png?1710991587355", source: https://student.focuspang.com/static/js/main.05572ee9.js (2)
[0321/122657.016:INFO:CONSOLE(2)] "TypeError: Cannot read properties of undefined (reading 'sendMessage')", source: https://student.focuspang.com/static/js/main.05572ee9.js (2)
[0321/122657.016:INFO:CONSOLE(2)] "https://ss1.cloud.kt.com:1000/focuspang-media/users/7a99fbb8-ea32-4ac8-a6b2-1fbc0967adda.png?1710991587355", source: https://student.focuspang.com/static/js/main.05572ee9.js (2)
[0321/122657.028:INFO:CONSOLE(2)] "networkSpeed 24.87", source: https://student.focuspang.com/static/js/main.05572ee9.js (2)
[0321/122657.028:INFO:CONSOLE(2)] "postBackend:  participation [object Object] [object Object]", source: https://student.focuspang.com/static/js/main.05572ee9.js (2)
[0321/122657.036:INFO:CONSOLE(2)] "https://ss1.cloud.kt.com:1000/focuspang-media/users/7a99fbb8-ea32-4ac8-a6b2-1fbc0967adda.png?1710991587355", source: https://student.focuspang.com/static/js/main.05572ee9.js (2)
[0321/122657.036:INFO:CONSOLE(2)] "https://ss1.cloud.kt.com:1000/focuspang-media/users/7a99fbb8-ea32-4ac8-a6b2-1fbc0967adda.png?1710991587355", source: https://student.focuspang.com/static/js/main.05572ee9.js (2)
[0321/122657.036:INFO:CONSOLE(2)] "https://ss1.cloud.kt.com:1000/focuspang-media/users/7a99fbb8-ea32-4ac8-a6b2-1fbc0967adda.png?1710991587355", source: https://student.focuspang.com/static/js/main.05572ee9.js (2)
[0321/122657.050:INFO:CONSOLE(2)] "https://ss1.cloud.kt.com:1000/focuspang-media/users/7a99fbb8-ea32-4ac8-a6b2-1fbc0967adda.png?1710991587355", source: https://student.focuspang.com/static/js/main.05572ee9.js (2)
[0321/122657.050:INFO:CONSOLE(2)] "https://ss1.cloud.kt.com:1000/focuspang-media/users/7a99fbb8-ea32-4ac8-a6b2-1fbc0967adda.png?1710991587355", source: https://student.focuspang.com/static/js/main.05572ee9.js (2)
[0321/122657.055:INFO:CONSOLE(2)] "Socket queue 1", source: https://student.focuspang.com/static/js/main.05572ee9.js (2)
[0321/122657.055:INFO:CONSOLE(2)] "Socket queue [object Object]", source: https://student.focuspang.com/static/js/main.05572ee9.js (2)
[0321/122657.055:INFO:CONSOLE(2)] "https://ss1.cloud.kt.com:1000/focuspang-media/users/7a99fbb8-ea32-4ac8-a6b2-1fbc0967adda.png?1710991587355", source: https://student.focuspang.com/static/js/main.05572ee9.js (2)
[0321/122657.059:INFO:CONSOLE(2)] "https://ss1.cloud.kt.com:1000/focuspang-media/users/7a99fbb8-ea32-4ac8-a6b2-1fbc0967adda.png?1710991587355", source: https://student.focuspang.com/static/js/main.05572ee9.js (2)
[0321/122657.069:INFO:CONSOLE(2)] "Socket queue 1", source: https://student.focuspang.com/static/js/main.05572ee9.js (2)
[0321/122657.069:INFO:CONSOLE(2)] "Socket queue ", source: https://student.focuspang.com/static/js/main.05572ee9.js (2)
[0321/122657.102:INFO:CONSOLE(2)] "No stroke found!", source: https://student.focuspang.com/static/js/main.05572ee9.js (2)
[0321/122657.107:INFO:CONSOLE(2)] "sendSocketData REMOVE_STUDENT_FOCUS_STATUS_LIST", source: https://student.focuspang.com/static/js/main.05572ee9.js (2)
[0321/122657.108:INFO:CONSOLE(2)] "[AuthManager]  navigating to ClassStack current: /classroom/8450c07d-44e2-4d4b-9e75-17e3506e0f68", source: https://student.focuspang.com/static/js/main.05572ee9.js (2)
[0321/122657.112:INFO:CONSOLE(2)] "Socket queue 1", source: https://student.focuspang.com/static/js/main.05572ee9.js (2)
[0321/122657.112:INFO:CONSOLE(2)] "Socket queue [object Object]", source: https://student.focuspang.com/static/js/main.05572ee9.js (2)
[0321/122657.121:INFO:CONSOLE(2)] "Socket queue 1", source: https://student.focuspang.com/static/js/main.05572ee9.js (2)
[0321/122657.121:INFO:CONSOLE(2)] "Socket queue ", source: https://student.focuspang.com/static/js/main.05572ee9.js (2)
[0321/122657.229:INFO:CONSOLE(2)] "[object Object]", source: https://student.focuspang.com/static/js/main.05572ee9.js (2)
[0321/122657.237:INFO:CONSOLE(2)] "Socket queue 1", source: https://student.focuspang.com/static/js/main.05572ee9.js (2)
[0321/122657.237:INFO:CONSOLE(2)] "Socket queue [object Object]", source: https://student.focuspang.com/static/js/main.05572ee9.js (2)
[0321/122657.238:INFO:CONSOLE(2)] "Socket queue 1", source: https://student.focuspang.com/static/js/main.05572ee9.js (2)
[0321/122657.238:INFO:CONSOLE(2)] "Socket queue ", source: https://student.focuspang.com/static/js/main.05572ee9.js (2)
[0321/122657.245:INFO:CONSOLE(2)] "networkSpeed 24.87", source: https://student.focuspang.com/static/js/main.05572ee9.js (2)
[0321/122657.249:INFO:CONSOLE(2)] "[ClassManager] activeClassroom: [object Object]", source: https://student.focuspang.com/static/js/main.05572ee9.js (2)
[0321/122657.249:INFO:CONSOLE(2)] "TypeError: Cannot read properties of undefined (reading 'sendMessage')", source: https://student.focuspang.com/static/js/main.05572ee9.js (2)
[0321/122657.253:INFO:CONSOLE(2)] "networkSpeed 24.87", source: https://student.focuspang.com/static/js/main.05572ee9.js (2)
[0321/122657.253:INFO:CONSOLE(2)] "[ScreenManager] activeClassroomData false", source: https://student.focuspang.com/static/js/main.05572ee9.js (2)
[0321/122657.253:INFO:CONSOLE(2)] "[ScreenManager] Screen unlocked!", source: https://student.focuspang.com/static/js/main.05572ee9.js (2)
[0321/122657.253:INFO:CONSOLE(2)] "[ScreenManager] 확장프로그램으로 화면잠금 신호를 보내던 도중 문제가 발생하였습니다. TypeError: Cannot read properties of undefined (reading 'sendMessage')", source: https://student.focuspang.com/static/js/main.05572ee9.js (2)
[0321/122657.253:INFO:CONSOLE(2)] "postBackend:  participation [object Object] [object Object]", source: https://student.focuspang.com/static/js/main.05572ee9.js (2)
[0321/122657.262:INFO:CONSOLE(2)] "[object Object]", source: https://student.focuspang.com/static/js/main.05572ee9.js (2)
[0321/122657.269:INFO:CONSOLE(2)] "networkSpeed 24.87", source: https://student.focuspang.com/static/js/main.05572ee9.js (2)
[0321/122657.272:INFO:CONSOLE(2)] "networkSpeed 24.87", source: https://student.focuspang.com/static/js/main.05572ee9.js (2)
[0321/122657.440:INFO:CONSOLE(2)] "networkSpeed 24.87", source: https://student.focuspang.com/static/js/main.05572ee9.js (2)
[0321/122657.445:INFO:CONSOLE(2)] "postBackend:  report?list=true [object Object] [object Object]", source: https://student.focuspang.com/static/js/main.05572ee9.js (2)
[0321/122657.467:INFO:CONSOLE(2)] "[object Object]", source: https://student.focuspang.com/static/js/main.05572ee9.js (2)
[0321/122657.479:INFO:CONSOLE(2)] "Socket queue 1", source: https://student.focuspang.com/static/js/main.05572ee9.js (2)
[0321/122657.479:INFO:CONSOLE(2)] "Socket queue [object Object]", source: https://student.focuspang.com/static/js/main.05572ee9.js (2)
[0321/122657.486:INFO:CONSOLE(2)] "Socket queue 1", source: https://student.focuspang.com/static/js/main.05572ee9.js (2)
[0321/122657.487:INFO:CONSOLE(2)] "Socket queue ", source: https://student.focuspang.com/static/js/main.05572ee9.js (2)
[0321/122657.490:INFO:CONSOLE(2)] "[object Object]", source: https://student.focuspang.com/static/js/main.05572ee9.js (2)
[0321/122657.495:WARNING:dxgi_adapter_duplicator.cc(106)] Cannot initialize any DxgiOutputDuplicator instance.
[0321/122657.495:WARNING:dxgi_duplicator_controller.cc(260)] Failed to initialize DxgiAdapterDuplicator on adapter 1
[0321/122657.531:INFO:CONSOLE(2)] "networkSpeed 24.87", source: https://student.focuspang.com/static/js/main.05572ee9.js (2)
[0321/122657.536:INFO:CONSOLE(2)] "[ClassManager] activeClassroom: [object Object]", source: https://student.focuspang.com/static/js/main.05572ee9.js (2)
[0321/122657.536:INFO:CONSOLE(2)] "TypeError: Cannot read properties of undefined (reading 'sendMessage')", source: https://student.focuspang.com/static/js/main.05572ee9.js (2)
[0321/122657.541:INFO:CONSOLE(2)] "networkSpeed 24.87", source: https://student.focuspang.com/static/js/main.05572ee9.js (2)
[0321/122657.541:INFO:CONSOLE(2)] "[Classroom] activeClassroom [object Object]", source: https://student.focuspang.com/static/js/main.05572ee9.js (2)
[0321/122657.545:INFO:CONSOLE(2)] "postBackend:  participation [object Object] [object Object]", source: https://student.focuspang.com/static/js/main.05572ee9.js (2)
[0321/122657.591:INFO:CONSOLE(2)] "[object Object]", source: https://student.focuspang.com/static/js/main.05572ee9.js (2)
[0321/122657.633:INFO:CONSOLE(2)] "[Classroom] timetable undefined", source: https://student.focuspang.com/static/js/main.05572ee9.js (2)
[0321/122657.638:INFO:CONSOLE(2)] "[object Object]", source: https://student.focuspang.com/static/js/main.05572ee9.js (2)
[0321/122657.682:WARNING:dxgi_duplicator_controller.cc(81)] Count of references reaches zero, DxgiDuplicatorController will be unloaded.
[0321/122658.738:ERROR:gpu_init.cc(453)] Passthrough is not supported, GL is disabled, ANGLE is 
[0321/122659.403:INFO:CONSOLE(2)] "No stroke found!", source: https://student.focuspang.com/static/js/main.05572ee9.js (2)
[0321/122659.408:INFO:CONSOLE(2)] "sendSocketData REMOVE_STUDENT_FOCUS_STATUS_LIST", source: https://student.focuspang.com/static/js/main.05572ee9.js (2)
[0321/122659.417:INFO:CONSOLE(2)] "[AuthManager] null -> REGISTERED_APPROVED", source: https://student.focuspang.com/static/js/main.05572ee9.js (2)
[0321/122659.417:INFO:CONSOLE(2)] "[AuthManager] invalid user state: REGISTERED_APPROVED", source: https://student.focuspang.com/static/js/main.05572ee9.js (2)
[0321/122659.551:INFO:CONSOLE(2)] "networkSpeed 24.87", source: https://student.focuspang.com/static/js/main.05572ee9.js (2)
[0321/122659.595:INFO:CONSOLE(2)] "[object Object]", source: https://student.focuspang.com/static/js/main.05572ee9.js (2)
[0321/122659.605:INFO:CONSOLE(2)] "[Connection Manager] 웹소켓을 초기화 합니다... 웹소켓 초기화 시간: 2024-03-20T14:42:05.036Z", source: https://student.focuspang.com/static/js/main.05572ee9.js (2)
[0321/122659.609:INFO:CONSOLE(2)] "Socket queue undefined", source: https://student.focuspang.com/static/js/main.05572ee9.js (2)
[0321/122659.609:INFO:CONSOLE(2)] "Socket queue [object Object]", source: https://student.focuspang.com/static/js/main.05572ee9.js (2)
[0321/122659.614:INFO:CONSOLE(2)] "[ClassManager]: 현재 진행중인 수업과 관리중인 스케줄을 조회합니다...", source: https://student.focuspang.com/static/js/main.05572ee9.js (2)
[0321/122659.632:INFO:CONSOLE(2)] "TypeError: Cannot read properties of undefined (reading 'sendMessage')", source: https://student.focuspang.com/static/js/main.05572ee9.js (2)
[0321/122659.635:INFO:CONSOLE(2)] "TypeError: Cannot read properties of undefined (reading 'sendMessage')", source: https://student.focuspang.com/static/js/main.05572ee9.js (2)
[0321/122659.637:INFO:CONSOLE(2)] "[AuthManager]  navigating to ClassStack current: /classroom/8450c07d-44e2-4d4b-9e75-17e3506e0f68", source: https://student.focuspang.com/static/js/main.05572ee9.js (2)
[0321/122659.670:INFO:CONSOLE(2)] "postBackend:  participation [object Object] [object Object]", source: https://student.focuspang.com/static/js/main.05572ee9.js (2)
[0321/122659.875:INFO:CONSOLE(2)] "위치 설정중 오류가 발생하였습니다. [object GeolocationPositionError]", source: https://student.focuspang.com/static/js/main.05572ee9.js (2)
[0321/122659.876:INFO:CONSOLE(2)] "Socket queue 0", source: https://student.focuspang.com/static/js/main.05572ee9.js (2)
[0321/122659.876:INFO:CONSOLE(2)] "Socket queue [object Object]", source: https://student.focuspang.com/static/js/main.05572ee9.js (2)
[0321/122659.876:INFO:CONSOLE(2)] "networkSpeed 24.87", source: https://student.focuspang.com/static/js/main.05572ee9.js (2)
[0321/122659.876:INFO:CONSOLE(2)] "networkSpeed 24.87", source: https://student.focuspang.com/static/js/main.05572ee9.js (2)
[0321/122659.895:INFO:CONSOLE(2)] "[Connection Manager] Socket Opened 7a99fbb8-ea32-4ac8-a6b2-1fbc0967adda", source: https://student.focuspang.com/static/js/main.05572ee9.js (2)
[0321/122659.902:WARNING:dxgi_adapter_duplicator.cc(106)] Cannot initialize any DxgiOutputDuplicator instance.
[0321/122659.902:WARNING:dxgi_duplicator_controller.cc(260)] Failed to initialize DxgiAdapterDuplicator on adapter 1
[0321/122659.903:INFO:CONSOLE(2)] "[object Object]", source: https://student.focuspang.com/static/js/main.05572ee9.js (2)
[0321/122659.911:INFO:CONSOLE(2)] "[object Object]", source: https://student.focuspang.com/static/js/main.05572ee9.js (2)
[0321/122659.944:INFO:CONSOLE(2)] "networkSpeed 24.87", source: https://student.focuspang.com/static/js/main.05572ee9.js (2)
[0321/122659.954:INFO:CONSOLE(2)] "[object Object]", source: https://student.focuspang.com/static/js/main.05572ee9.js (2)
[0321/122659.983:INFO:CONSOLE(2)] "[object Object]", source: https://student.focuspang.com/static/js/main.05572ee9.js (2)
[0321/122659.991:INFO:CONSOLE(2)] "classsroomSessionData [object Object]", source: https://student.focuspang.com/static/js/main.05572ee9.js (2)
[0321/122700.008:INFO:CONSOLE(2)] "networkSpeed 24.87", source: https://student.focuspang.com/static/js/main.05572ee9.js (2)
[0321/122700.012:INFO:CONSOLE(2)] "[ClassManager] activeClassroom: [object Object]", source: https://student.focuspang.com/static/js/main.05572ee9.js (2)
[0321/122700.016:INFO:CONSOLE(2)] "TypeError: Cannot read properties of undefined (reading 'sendMessage')", source: https://student.focuspang.com/static/js/main.05572ee9.js (2)
[0321/122700.016:INFO:CONSOLE(2)] "networkSpeed 24.87", source: https://student.focuspang.com/static/js/main.05572ee9.js (2)
[0321/122700.043:INFO:CONSOLE(2)] "[object Object]", source: https://student.focuspang.com/static/js/main.05572ee9.js (2)
[0321/122700.059:INFO:CONSOLE(2)] "Socket queue 1", source: https://student.focuspang.com/static/js/main.05572ee9.js (2)
[0321/122700.061:INFO:CONSOLE(2)] "Socket queue [object Object],[object Object]", source: https://student.focuspang.com/static/js/main.05572ee9.js (2)
[0321/122700.068:INFO:CONSOLE(2)] "Socket queue 1", source: https://student.focuspang.com/static/js/main.05572ee9.js (2)
[0321/122700.068:INFO:CONSOLE(2)] "Socket queue ", source: https://student.focuspang.com/static/js/main.05572ee9.js (2)
[0321/122700.073:INFO:CONSOLE(2)] "[object Object]", source: https://student.focuspang.com/static/js/main.05572ee9.js (2)
[0321/122700.094:INFO:CONSOLE(2)] "[object Object]", source: https://student.focuspang.com/static/js/main.05572ee9.js (2)
[0321/122700.106:INFO:CONSOLE(2)] "networkSpeed 24.87", source: https://student.focuspang.com/static/js/main.05572ee9.js (2)
[0321/122700.108:INFO:CONSOLE(2)] "[ClassManager] activeClassroom: [object Object]", source: https://student.focuspang.com/static/js/main.05572ee9.js (2)
[0321/122700.110:INFO:CONSOLE(2)] "TypeError: Cannot read properties of undefined (reading 'sendMessage')", source: https://student.focuspang.com/static/js/main.05572ee9.js (2)
[0321/122700.115:INFO:CONSOLE(2)] "networkSpeed 24.87", source: https://student.focuspang.com/static/js/main.05572ee9.js (2)
[0321/122700.115:INFO:CONSOLE(2)] "[ScreenManager] activeClassroomData false", source: https://student.focuspang.com/static/js/main.05572ee9.js (2)
[0321/122700.115:INFO:CONSOLE(2)] "[ScreenManager] Screen unlocked!", source: https://student.focuspang.com/static/js/main.05572ee9.js (2)
[0321/122700.115:INFO:CONSOLE(2)] "[ScreenManager] 확장프로그램으로 화면잠금 신호를 보내던 도중 문제가 발생하였습니다. TypeError: Cannot read properties of undefined (reading 'sendMessage')", source: https://student.focuspang.com/static/js/main.05572ee9.js (2)
[0321/122700.118:INFO:CONSOLE(2)] "postBackend:  participation [object Object] [object Object]", source: https://student.focuspang.com/static/js/main.05572ee9.js (2)
[0321/122700.132:INFO:CONSOLE(2)] "[Classroom] timetable undefined", source: https://student.focuspang.com/static/js/main.05572ee9.js (2)
[0321/122700.146:INFO:CONSOLE(2)] "networkSpeed 24.87", source: https://student.focuspang.com/static/js/main.05572ee9.js (2)
[0321/122700.151:INFO:CONSOLE(2)] "[ClassManager] activeClassroom: [object Object]", source: https://student.focuspang.com/static/js/main.05572ee9.js (2)
[0321/122700.153:INFO:CONSOLE(2)] "TypeError: Cannot read properties of undefined (reading 'sendMessage')", source: https://student.focuspang.com/static/js/main.05572ee9.js (2)
[0321/122700.156:INFO:CONSOLE(2)] "networkSpeed 24.87", source: https://student.focuspang.com/static/js/main.05572ee9.js (2)
[0321/122700.161:INFO:CONSOLE(2)] "[Classroom] activeClassroom [object Object]", source: https://student.focuspang.com/static/js/main.05572ee9.js (2)
[0321/122700.174:INFO:CONSOLE(2)] "networkSpeed 24.87", source: https://student.focuspang.com/static/js/main.05572ee9.js (2)
[0321/122700.207:INFO:CONSOLE(2)] "[object Object]", source: https://student.focuspang.com/static/js/main.05572ee9.js (2)
[0321/122700.217:INFO:CONSOLE(2)] "Socket queue 1", source: https://student.focuspang.com/static/js/main.05572ee9.js (2)
[0321/122700.219:INFO:CONSOLE(2)] "Socket queue [object Object]", source: https://student.focuspang.com/static/js/main.05572ee9.js (2)
[0321/122700.229:INFO:CONSOLE(2)] "Socket queue 1", source: https://student.focuspang.com/static/js/main.05572ee9.js (2)
[0321/122700.230:INFO:CONSOLE(2)] "Socket queue ", source: https://student.focuspang.com/static/js/main.05572ee9.js (2)
[0321/122700.240:INFO:CONSOLE(2)] "[object Object]", source: https://student.focuspang.com/static/js/main.05572ee9.js (2)
[0321/122700.265:INFO:CONSOLE(2)] "[object Object]", source: https://student.focuspang.com/static/js/main.05572ee9.js (2)
[0321/122700.270:INFO:CONSOLE(2)] "[object Object]", source: https://student.focuspang.com/static/js/main.05572ee9.js (2)
[0321/122700.274:INFO:CONSOLE(2)] "[Classroom] programconfigs undefined", source: https://student.focuspang.com/static/js/main.05572ee9.js (2)
[0321/122700.286:INFO:CONSOLE(2)] "networkSpeed 24.87", source: https://student.focuspang.com/static/js/main.05572ee9.js (2)
[0321/122700.292:INFO:CONSOLE(2)] "[object Object]", source: https://student.focuspang.com/static/js/main.05572ee9.js (2)
[0321/122700.294:INFO:CONSOLE(2)] "[Classroom] filelinks undefined", source: https://student.focuspang.com/static/js/main.05572ee9.js (2)
[0321/122702.529:INFO:CONSOLE(2)] "networkSpeed 24.87", source: https://student.focuspang.com/static/js/main.05572ee9.js (2)
[0321/122704.633:INFO:CONSOLE(2)] "크롬 확장 프로그램이 설치되어 있지 않거나 확장 프로그램 아이디가 잘못되었습니다.", source: https://student.focuspang.com/static/js/main.05572ee9.js (2)
[0321/122704.638:INFO:CONSOLE(2)] "크롬 확장 프로그램이 설치되어 있지 않거나 확장 프로그램 아이디가 잘못되었습니다.", source: https://student.focuspang.com/static/js/main.05572ee9.js (2)
[0321/122708.141:INFO:CONSOLE(2)] "networkSpeed 24.87", source: https://student.focuspang.com/static/js/main.05572ee9.js (2)
[0321/122709.636:INFO:CONSOLE(2)] "크롬 확장 프로그램이 설치되어 있지 않거나 확장 프로그램 아이디가 잘못되었습니다.", source: https://student.focuspang.com/static/js/main.05572ee9.js (2)
[0321/122709.638:INFO:CONSOLE(2)] "크롬 확장 프로그램이 설치되어 있지 않거나 확장 프로그램 아이디가 잘못되었습니다.", source: https://student.focuspang.com/static/js/main.05572ee9.js (2)
[0321/122714.684:INFO:CONSOLE(2)] "크롬 확장 프로그램이 설치되어 있지 않거나 확장 프로그램 아이디가 잘못되었습니다.", source: https://student.focuspang.com/static/js/main.05572ee9.js (2)
[0321/122714.684:INFO:CONSOLE(2)] "크롬 확장 프로그램이 설치되어 있지 않거나 확장 프로그램 아이디가 잘못되었습니다.", source: https://student.focuspang.com/static/js/main.05572ee9.js (2)
[0321/122718.465:INFO:CONSOLE(2)] "networkSpeed 24.87", source: https://student.focuspang.com/static/js/main.05572ee9.js (2)
[0321/122719.637:INFO:CONSOLE(2)] "크롬 확장 프로그램이 설치되어 있지 않거나 확장 프로그램 아이디가 잘못되었습니다.", source: https://student.focuspang.com/static/js/main.05572ee9.js (2)
[0321/122719.642:INFO:CONSOLE(2)] "크롬 확장 프로그램이 설치되어 있지 않거나 확장 프로그램 아이디가 잘못되었습니다.", source: https://student.focuspang.com/static/js/main.05572ee9.js (2)
[0321/122722.816:INFO:CONSOLE(2)] "networkSpeed 24.87", source: https://student.focuspang.com/static/js/main.05572ee9.js (2)
[0321/122724.636:INFO:CONSOLE(2)] "크롬 확장 프로그램이 설치되어 있지 않거나 확장 프로그램 아이디가 잘못되었습니다.", source: https://student.focuspang.com/static/js/main.05572ee9.js (2)
[0321/122724.638:INFO:CONSOLE(2)] "크롬 확장 프로그램이 설치되어 있지 않거나 확장 프로그램 아이디가 잘못되었습니다.", source: https://student.focuspang.com/static/js/main.05572ee9.js (2)
[0321/122725.725:INFO:CONSOLE(2)] "networkSpeed 24.87", source: https://student.focuspang.com/static/js/main.05572ee9.js (2)
[0321/122729.684:INFO:CONSOLE(2)] "크롬 확장 프로그램이 설치되어 있지 않거나 확장 프로그램 아이디가 잘못되었습니다.", source: https://student.focuspang.com/static/js/main.05572ee9.js (2)
[0321/122729.684:INFO:CONSOLE(2)] "크롬 확장 프로그램이 설치되어 있지 않거나 확장 프로그램 아이디가 잘못되었습니다.", source: https://student.focuspang.com/static/js/main.05572ee9.js (2)
[0321/122730.627:INFO:CONSOLE(2)] "networkSpeed 24.87", source: https://student.focuspang.com/static/js/main.05572ee9.js (2)
[0321/122734.682:INFO:CONSOLE(2)] "크롬 확장 프로그램이 설치되어 있지 않거나 확장 프로그램 아이디가 잘못되었습니다.", source: https://student.focuspang.com/static/js/main.05572ee9.js (2)
[0321/122734.685:INFO:CONSOLE(2)] "크롬 확장 프로그램이 설치되어 있지 않거나 확장 프로그램 아이디가 잘못되었습니다.", source: https://student.focuspang.com/static/js/main.05572ee9.js (2)
[0321/122735.315:INFO:CONSOLE(2)] "networkSpeed 24.87", source: https://student.focuspang.com/static/js/main.05572ee9.js (2)
[0321/122739.683:INFO:CONSOLE(2)] "크롬 확장 프로그램이 설치되어 있지 않거나 확장 프로그램 아이디가 잘못되었습니다.", source: https://student.focuspang.com/static/js/main.05572ee9.js (2)
[0321/122739.687:INFO:CONSOLE(2)] "크롬 확장 프로그램이 설치되어 있지 않거나 확장 프로그램 아이디가 잘못되었습니다.", source: https://student.focuspang.com/static/js/main.05572ee9.js (2)
[0321/122742.950:INFO:CONSOLE(2)] "networkSpeed 24.87", source: https://student.focuspang.com/static/js/main.05572ee9.js (2)
[0321/122744.638:INFO:CONSOLE(2)] "크롬 확장 프로그램이 설치되어 있지 않거나 확장 프로그램 아이디가 잘못되었습니다.", source: https://student.focuspang.com/static/js/main.05572ee9.js (2)
[0321/122744.640:INFO:CONSOLE(2)] "크롬 확장 프로그램이 설치되어 있지 않거나 확장 프로그램 아이디가 잘못되었습니다.", source: https://student.focuspang.com/static/js/main.05572ee9.js (2)
[0321/122745.155:INFO:CONSOLE(2)] "networkSpeed 24.87", source: https://student.focuspang.com/static/js/main.05572ee9.js (2)
[0321/122749.684:INFO:CONSOLE(2)] "크롬 확장 프로그램이 설치되어 있지 않거나 확장 프로그램 아이디가 잘못되었습니다.", source: https://student.focuspang.com/static/js/main.05572ee9.js (2)
[0321/122749.688:INFO:CONSOLE(2)] "크롬 확장 프로그램이 설치되어 있지 않거나 확장 프로그램 아이디가 잘못되었습니다.", source: https://student.focuspang.com/static/js/main.05572ee9.js (2)
[0321/122751.198:INFO:CONSOLE(2)] "networkSpeed 24.87", source: https://student.focuspang.com/static/js/main.05572ee9.js (2)
[0321/122754.683:INFO:CONSOLE(2)] "크롬 확장 프로그램이 설치되어 있지 않거나 확장 프로그램 아이디가 잘못되었습니다.", source: https://student.focuspang.com/static/js/main.05572ee9.js (2)
[0321/122754.683:INFO:CONSOLE(2)] "크롬 확장 프로그램이 설치되어 있지 않거나 확장 프로그램 아이디가 잘못되었습니다.", source: https://student.focuspang.com/static/js/main.05572ee9.js (2)
[0321/122757.425:INFO:CONSOLE(2)] "postBackend:  report?list=true [object Object] [object Object]", source: https://student.focuspang.com/static/js/main.05572ee9.js (2)
[0321/122757.666:WARNING:dxgi_duplicator_controller.cc(81)] Count of references reaches zero, DxgiDuplicatorController will be unloaded.
[0321/122759.264:INFO:CONSOLE(2)] "No stroke found!", source: https://student.focuspang.com/static/js/main.05572ee9.js (2)
[0321/122759.268:INFO:CONSOLE(2)] "sendSocketData REMOVE_STUDENT_FOCUS_STATUS_LIST", source: https://student.focuspang.com/static/js/main.05572ee9.js (2)
[0321/122759.268:INFO:CONSOLE(2)] "[AuthManager] null -> REGISTERED_APPROVED", source: https://student.focuspang.com/static/js/main.05572ee9.js (2)
[0321/122759.268:INFO:CONSOLE(2)] "[AuthManager] invalid user state: REGISTERED_APPROVED", source: https://student.focuspang.com/static/js/main.05572ee9.js (2)
[0321/122759.330:INFO:CONSOLE(2)] "networkSpeed 24.87", source: https://student.focuspang.com/static/js/main.05572ee9.js (2)
[0321/122759.373:INFO:CONSOLE(2)] "[object Object]", source: https://student.focuspang.com/static/js/main.05572ee9.js (2)
[0321/122759.379:INFO:CONSOLE(2)] "[Connection Manager] 웹소켓을 초기화 합니다... 웹소켓 초기화 시간: 2024-03-20T14:42:05.036Z", source: https://student.focuspang.com/static/js/main.05572ee9.js (2)
[0321/122759.379:INFO:CONSOLE(2)] "Socket queue undefined", source: https://student.focuspang.com/static/js/main.05572ee9.js (2)
[0321/122759.379:INFO:CONSOLE(2)] "Socket queue [object Object]", source: https://student.focuspang.com/static/js/main.05572ee9.js (2)
[0321/122759.384:INFO:CONSOLE(2)] "[ClassManager]: 현재 진행중인 수업과 관리중인 스케줄을 조회합니다...", source: https://student.focuspang.com/static/js/main.05572ee9.js (2)
[0321/122759.393:INFO:CONSOLE(2)] "TypeError: Cannot read properties of undefined (reading 'sendMessage')", source: https://student.focuspang.com/static/js/main.05572ee9.js (2)
[0321/122759.393:INFO:CONSOLE(2)] "TypeError: Cannot read properties of undefined (reading 'sendMessage')", source: https://student.focuspang.com/static/js/main.05572ee9.js (2)
[0321/122759.393:INFO:CONSOLE(2)] "[AuthManager]  navigating to ClassStack current: /classroom/8450c07d-44e2-4d4b-9e75-17e3506e0f68", source: https://student.focuspang.com/static/js/main.05572ee9.js (2)
[0321/122759.421:INFO:CONSOLE(2)] "postBackend:  participation [object Object] [object Object]", source: https://student.focuspang.com/static/js/main.05572ee9.js (2)
[0321/122759.430:INFO:CONSOLE(2)] "Socket queue 0", source: https://student.focuspang.com/static/js/main.05572ee9.js (2)
[0321/122759.430:INFO:CONSOLE(2)] "Socket queue [object Object]", source: https://student.focuspang.com/static/js/main.05572ee9.js (2)
[0321/122759.560:INFO:CONSOLE(2)] "networkSpeed 24.87", source: https://student.focuspang.com/static/js/main.05572ee9.js (2)
[0321/122759.560:INFO:CONSOLE(2)] "networkSpeed 24.87", source: https://student.focuspang.com/static/js/main.05572ee9.js (2)
[0321/122759.563:INFO:CONSOLE(2)] "위치 설정중 오류가 발생하였습니다. [object GeolocationPositionError]", source: https://student.focuspang.com/static/js/main.05572ee9.js (2)
[0321/122759.563:INFO:CONSOLE(2)] "[Connection Manager] Socket Opened 7a99fbb8-ea32-4ac8-a6b2-1fbc0967adda", source: https://student.focuspang.com/static/js/main.05572ee9.js (2)
[0321/122759.581:INFO:CONSOLE(2)] "[object Object]", source: https://student.focuspang.com/static/js/main.05572ee9.js (2)
[0321/122759.595:INFO:CONSOLE(2)] "[object Object]", source: https://student.focuspang.com/static/js/main.05572ee9.js (2)
[0321/122759.600:WARNING:dxgi_adapter_duplicator.cc(106)] Cannot initialize any DxgiOutputDuplicator instance.
[0321/122759.600:WARNING:dxgi_duplicator_controller.cc(260)] Failed to initialize DxgiAdapterDuplicator on adapter 1
[0321/122759.611:INFO:CONSOLE(2)] "[object Object]", source: https://student.focuspang.com/static/js/main.05572ee9.js (2)
[0321/122759.635:INFO:CONSOLE(2)] "networkSpeed 24.87", source: https://student.focuspang.com/static/js/main.05572ee9.js (2)
[0321/122759.716:INFO:CONSOLE(2)] "[object Object]", source: https://student.focuspang.com/static/js/main.05572ee9.js (2)
[0321/122759.744:INFO:CONSOLE(2)] "Socket queue 1", source: https://student.focuspang.com/static/js/main.05572ee9.js (2)
[0321/122759.744:INFO:CONSOLE(2)] "Socket queue [object Object],[object Object]", source: https://student.focuspang.com/static/js/main.05572ee9.js (2)
[0321/122759.752:INFO:CONSOLE(2)] "Socket queue 1", source: https://student.focuspang.com/static/js/main.05572ee9.js (2)
[0321/122759.752:INFO:CONSOLE(2)] "Socket queue ", source: https://student.focuspang.com/static/js/main.05572ee9.js (2)
[0321/122759.779:INFO:CONSOLE(2)] "[object Object]", source: https://student.focuspang.com/static/js/main.05572ee9.js (2)
[0321/122759.787:INFO:CONSOLE(2)] "classsroomSessionData [object Object]", source: https://student.focuspang.com/static/js/main.05572ee9.js (2)
[0321/122759.795:INFO:CONSOLE(2)] "networkSpeed 24.87", source: https://student.focuspang.com/static/js/main.05572ee9.js (2)
[0321/122759.800:INFO:CONSOLE(2)] "[ClassManager] activeClassroom: [object Object]", source: https://student.focuspang.com/static/js/main.05572ee9.js (2)
[0321/122759.805:INFO:CONSOLE(2)] "TypeError: Cannot read properties of undefined (reading 'sendMessage')", source: https://student.focuspang.com/static/js/main.05572ee9.js (2)
[0321/122759.810:INFO:CONSOLE(2)] "networkSpeed 24.87", source: https://student.focuspang.com/static/js/main.05572ee9.js (2)
[0321/122759.811:INFO:CONSOLE(2)] "postBackend:  participation [object Object] [object Object]", source: https://student.focuspang.com/static/js/main.05572ee9.js (2)
[0321/122759.855:INFO:CONSOLE(2)] "networkSpeed 24.87", source: https://student.focuspang.com/static/js/main.05572ee9.js (2)
[0321/122759.857:INFO:CONSOLE(2)] "[ClassManager] activeClassroom: [object Object]", source: https://student.focuspang.com/static/js/main.05572ee9.js (2)
[0321/122759.858:INFO:CONSOLE(2)] "TypeError: Cannot read properties of undefined (reading 'sendMessage')", source: https://student.focuspang.com/static/js/main.05572ee9.js (2)
[0321/122759.859:INFO:CONSOLE(2)] "networkSpeed 24.87", source: https://student.focuspang.com/static/js/main.05572ee9.js (2)
[0321/122759.864:INFO:CONSOLE(2)] "[ScreenManager] activeClassroomData false", source: https://student.focuspang.com/static/js/main.05572ee9.js (2)
[0321/122759.864:INFO:CONSOLE(2)] "[ScreenManager] Screen unlocked!", source: https://student.focuspang.com/static/js/main.05572ee9.js (2)
[0321/122759.865:INFO:CONSOLE(2)] "[ScreenManager] 확장프로그램으로 화면잠금 신호를 보내던 도중 문제가 발생하였습니다. TypeError: Cannot read properties of undefined (reading 'sendMessage')", source: https://student.focuspang.com/static/js/main.05572ee9.js (2)
[0321/122759.887:INFO:CONSOLE(2)] "[Classroom] timetable undefined", source: https://student.focuspang.com/static/js/main.05572ee9.js (2)
[0321/122759.893:INFO:CONSOLE(2)] "[object Object]", source: https://student.focuspang.com/static/js/main.05572ee9.js (2)
[0321/122759.907:INFO:CONSOLE(2)] "networkSpeed 24.87", source: https://student.focuspang.com/static/js/main.05572ee9.js (2)
[0321/122759.909:INFO:CONSOLE(2)] "[ClassManager] activeClassroom: [object Object]", source: https://student.focuspang.com/static/js/main.05572ee9.js (2)
[0321/122759.910:INFO:CONSOLE(2)] "TypeError: Cannot read properties of undefined (reading 'sendMessage')", source: https://student.focuspang.com/static/js/main.05572ee9.js (2)
[0321/122759.914:INFO:CONSOLE(2)] "networkSpeed 24.87", source: https://student.focuspang.com/static/js/main.05572ee9.js (2)
[0321/122759.916:INFO:CONSOLE(2)] "[Classroom] activeClassroom [object Object]", source: https://student.focuspang.com/static/js/main.05572ee9.js (2)
[0321/122759.927:INFO:CONSOLE(2)] "networkSpeed 24.87", source: https://student.focuspang.com/static/js/main.05572ee9.js (2)
[0321/122759.967:INFO:CONSOLE(2)] "[object Object]", source: https://student.focuspang.com/static/js/main.05572ee9.js (2)
[0321/122759.992:INFO:CONSOLE(2)] "[object Object]", source: https://student.focuspang.com/static/js/main.05572ee9.js (2)
[0321/122800.003:INFO:CONSOLE(2)] "[Classroom] filelinks undefined", source: https://student.focuspang.com/static/js/main.05572ee9.js (2)
[0321/122800.016:INFO:CONSOLE(2)] "networkSpeed 24.87", source: https://student.focuspang.com/static/js/main.05572ee9.js (2)
[0321/122800.038:INFO:CONSOLE(2)] "[object Object]", source: https://student.focuspang.com/static/js/main.05572ee9.js (2)
[0321/122800.052:INFO:CONSOLE(2)] "Socket queue 1", source: https://student.focuspang.com/static/js/main.05572ee9.js (2)
[0321/122800.053:INFO:CONSOLE(2)] "Socket queue [object Object]", source: https://student.focuspang.com/static/js/main.05572ee9.js (2)
[0321/122800.058:INFO:CONSOLE(2)] "Socket queue 1", source: https://student.focuspang.com/static/js/main.05572ee9.js (2)
[0321/122800.058:INFO:CONSOLE(2)] "Socket queue ", source: https://student.focuspang.com/static/js/main.05572ee9.js (2)
[0321/122800.066:INFO:CONSOLE(2)] "[object Object]", source: https://student.focuspang.com/static/js/main.05572ee9.js (2)
[0321/122800.070:INFO:CONSOLE(2)] "[Classroom] programconfigs undefined", source: https://student.focuspang.com/static/js/main.05572ee9.js (2)
[0321/122800.077:INFO:CONSOLE(2)] "[object Object]", source: https://student.focuspang.com/static/js/main.05572ee9.js (2)
[0321/122802.063:INFO:CONSOLE(2)] "networkSpeed 24.87", source: https://student.focuspang.com/static/js/main.05572ee9.js (2)
[0321/122804.401:INFO:CONSOLE(2)] "크롬 확장 프로그램이 설치되어 있지 않거나 확장 프로그램 아이디가 잘못되었습니다.", source: https://student.focuspang.com/static/js/main.05572ee9.js (2)
[0321/122804.401:INFO:CONSOLE(2)] "크롬 확장 프로그램이 설치되어 있지 않거나 확장 프로그램 아이디가 잘못되었습니다.", source: https://student.focuspang.com/static/js/main.05572ee9.js (2)
[0321/122809.505:INFO:CONSOLE(2)] "크롬 확장 프로그램이 설치되어 있지 않거나 확장 프로그램 아이디가 잘못되었습니다.", source: https://student.focuspang.com/static/js/main.05572ee9.js (2)
[0321/122809.509:INFO:CONSOLE(2)] "크롬 확장 프로그램이 설치되어 있지 않거나 확장 프로그램 아이디가 잘못되었습니다.", source: https://student.focuspang.com/static/js/main.05572ee9.js (2)
[0321/122813.109:INFO:CONSOLE(2)] "networkSpeed 24.87", source: https://student.focuspang.com/static/js/main.05572ee9.js (2)
[0321/122814.399:INFO:CONSOLE(2)] "크롬 확장 프로그램이 설치되어 있지 않거나 확장 프로그램 아이디가 잘못되었습니다.", source: https://student.focuspang.com/static/js/main.05572ee9.js (2)
[0321/122814.401:INFO:CONSOLE(2)] "크롬 확장 프로그램이 설치되어 있지 않거나 확장 프로그램 아이디가 잘못되었습니다.", source: https://student.focuspang.com/static/js/main.05572ee9.js (2)
[0321/122818.284:INFO:CONSOLE(2)] "networkSpeed 24.87", source: https://student.focuspang.com/static/js/main.05572ee9.js (2)
[0321/122819.404:INFO:CONSOLE(2)] "크롬 확장 프로그램이 설치되어 있지 않거나 확장 프로그램 아이디가 잘못되었습니다.", source: https://student.focuspang.com/static/js/main.05572ee9.js (2)
[0321/122819.406:INFO:CONSOLE(2)] "크롬 확장 프로그램이 설치되어 있지 않거나 확장 프로그램 아이디가 잘못되었습니다.", source: https://student.focuspang.com/static/js/main.05572ee9.js (2)
[0321/122823.063:INFO:CONSOLE(2)] "networkSpeed 24.87", source: https://student.focuspang.com/static/js/main.05572ee9.js (2)
[0321/122824.405:INFO:CONSOLE(2)] "크롬 확장 프로그램이 설치되어 있지 않거나 확장 프로그램 아이디가 잘못되었습니다.", source: https://student.focuspang.com/static/js/main.05572ee9.js (2)
[0321/122824.406:INFO:CONSOLE(2)] "크롬 확장 프로그램이 설치되어 있지 않거나 확장 프로그램 아이디가 잘못되었습니다.", source: https://student.focuspang.com/static/js/main.05572ee9.js (2)
[0321/122828.654:INFO:CONSOLE(2)] "networkSpeed 24.87", source: https://student.focuspang.com/static/js/main.05572ee9.js (2)
[0321/122829.399:INFO:CONSOLE(2)] "크롬 확장 프로그램이 설치되어 있지 않거나 확장 프로그램 아이디가 잘못되었습니다.", source: https://student.focuspang.com/static/js/main.05572ee9.js (2)
[0321/122829.402:INFO:CONSOLE(2)] "크롬 확장 프로그램이 설치되어 있지 않거나 확장 프로그램 아이디가 잘못되었습니다.", source: https://student.focuspang.com/static/js/main.05572ee9.js (2)
[0321/122834.481:INFO:CONSOLE(2)] "크롬 확장 프로그램이 설치되어 있지 않거나 확장 프로그램 아이디가 잘못되었습니다.", source: https://student.focuspang.com/static/js/main.05572ee9.js (2)
[0321/122834.486:INFO:CONSOLE(2)] "크롬 확장 프로그램이 설치되어 있지 않거나 확장 프로그램 아이디가 잘못되었습니다.", source: https://student.focuspang.com/static/js/main.05572ee9.js (2)
[0321/122835.817:INFO:CONSOLE(2)] "networkSpeed 24.87", source: https://student.focuspang.com/static/js/main.05572ee9.js (2)
[0321/122838.502:INFO:CONSOLE(2)] "networkSpeed 24.87", source: https://student.focuspang.com/static/js/main.05572ee9.js (2)
[0321/122839.403:INFO:CONSOLE(2)] "크롬 확장 프로그램이 설치되어 있지 않거나 확장 프로그램 아이디가 잘못되었습니다.", source: https://student.focuspang.com/static/js/main.05572ee9.js (2)
[0321/122839.405:INFO:CONSOLE(2)] "크롬 확장 프로그램이 설치되어 있지 않거나 확장 프로그램 아이디가 잘못되었습니다.", source: https://student.focuspang.com/static/js/main.05572ee9.js (2)
[0321/122844.446:INFO:CONSOLE(2)] "크롬 확장 프로그램이 설치되어 있지 않거나 확장 프로그램 아이디가 잘못되었습니다.", source: https://student.focuspang.com/static/js/main.05572ee9.js (2)
[0321/122844.447:INFO:CONSOLE(2)] "크롬 확장 프로그램이 설치되어 있지 않거나 확장 프로그램 아이디가 잘못되었습니다.", source: https://student.focuspang.com/static/js/main.05572ee9.js (2)
[0321/122845.343:INFO:CONSOLE(2)] "networkSpeed 24.87", source: https://student.focuspang.com/static/js/main.05572ee9.js (2)
[0321/122849.453:INFO:CONSOLE(2)] "크롬 확장 프로그램이 설치되어 있지 않거나 확장 프로그램 아이디가 잘못되었습니다.", source: https://student.focuspang.com/static/js/main.05572ee9.js (2)
[0321/122849.453:INFO:CONSOLE(2)] "크롬 확장 프로그램이 설치되어 있지 않거나 확장 프로그램 아이디가 잘못되었습니다.", source: https://student.focuspang.com/static/js/main.05572ee9.js (2)
[0321/122852.793:INFO:CONSOLE(2)] "networkSpeed 24.87", source: https://student.focuspang.com/static/js/main.05572ee9.js (2)
[0321/122854.399:INFO:CONSOLE(2)] "크롬 확장 프로그램이 설치되어 있지 않거나 확장 프로그램 아이디가 잘못되었습니다.", source: https://student.focuspang.com/static/js/main.05572ee9.js (2)
[0321/122854.399:INFO:CONSOLE(2)] "크롬 확장 프로그램이 설치되어 있지 않거나 확장 프로그램 아이디가 잘못되었습니다.", source: https://student.focuspang.com/static/js/main.05572ee9.js (2)
[0321/122857.430:INFO:CONSOLE(2)] "postBackend:  report?list=true [object Object] [object Object]", source: https://student.focuspang.com/static/js/main.05572ee9.js (2)
[0321/122857.625:WARNING:dxgi_duplicator_controller.cc(81)] Count of references reaches zero, DxgiDuplicatorController will be unloaded.
[0321/122859.701:INFO:CONSOLE(2)] "No stroke found!", source: https://student.focuspang.com/static/js/main.05572ee9.js (2)
[0321/122859.706:INFO:CONSOLE(2)] "sendSocketData REMOVE_STUDENT_FOCUS_STATUS_LIST", source: https://student.focuspang.com/static/js/main.05572ee9.js (2)
[0321/122859.715:INFO:CONSOLE(2)] "[AuthManager] null -> REGISTERED_APPROVED", source: https://student.focuspang.com/static/js/main.05572ee9.js (2)
[0321/122859.715:INFO:CONSOLE(2)] "[AuthManager] invalid user state: REGISTERED_APPROVED", source: https://student.focuspang.com/static/js/main.05572ee9.js (2)
[0321/122859.871:INFO:CONSOLE(2)] "networkSpeed 24.87", source: https://student.focuspang.com/static/js/main.05572ee9.js (2)
[0321/122859.922:INFO:CONSOLE(2)] "[object Object]", source: https://student.focuspang.com/static/js/main.05572ee9.js (2)
[0321/122859.936:INFO:CONSOLE(2)] "[Connection Manager] 웹소켓을 초기화 합니다... 웹소켓 초기화 시간: 2024-03-20T14:42:05.036Z", source: https://student.focuspang.com/static/js/main.05572ee9.js (2)
[0321/122859.938:INFO:CONSOLE(2)] "Socket queue undefined", source: https://student.focuspang.com/static/js/main.05572ee9.js (2)
[0321/122859.938:INFO:CONSOLE(2)] "Socket queue [object Object]", source: https://student.focuspang.com/static/js/main.05572ee9.js (2)
[0321/122859.943:INFO:CONSOLE(2)] "[ClassManager]: 현재 진행중인 수업과 관리중인 스케줄을 조회합니다...", source: https://student.focuspang.com/static/js/main.05572ee9.js (2)
[0321/122859.957:INFO:CONSOLE(2)] "TypeError: Cannot read properties of undefined (reading 'sendMessage')", source: https://student.focuspang.com/static/js/main.05572ee9.js (2)
[0321/122859.960:INFO:CONSOLE(2)] "TypeError: Cannot read properties of undefined (reading 'sendMessage')", source: https://student.focuspang.com/static/js/main.05572ee9.js (2)
[0321/122859.964:INFO:CONSOLE(2)] "[AuthManager]  navigating to ClassStack current: /classroom/8450c07d-44e2-4d4b-9e75-17e3506e0f68", source: https://student.focuspang.com/static/js/main.05572ee9.js (2)
[0321/122900.021:INFO:CONSOLE(2)] "postBackend:  participation [object Object] [object Object]", source: https://student.focuspang.com/static/js/main.05572ee9.js (2)
[0321/122900.064:INFO:CONSOLE(2)] "networkSpeed 24.87", source: https://student.focuspang.com/static/js/main.05572ee9.js (2)
[0321/122900.064:INFO:CONSOLE(2)] "networkSpeed 24.87", source: https://student.focuspang.com/static/js/main.05572ee9.js (2)
[0321/122900.080:INFO:CONSOLE(2)] "Socket queue 0", source: https://student.focuspang.com/static/js/main.05572ee9.js (2)
[0321/122900.081:INFO:CONSOLE(2)] "Socket queue [object Object]", source: https://student.focuspang.com/static/js/main.05572ee9.js (2)
[0321/122900.238:INFO:CONSOLE(2)] "위치 설정중 오류가 발생하였습니다. [object GeolocationPositionError]", source: https://student.focuspang.com/static/js/main.05572ee9.js (2)
[0321/122900.238:INFO:CONSOLE(2)] "[object Object]", source: https://student.focuspang.com/static/js/main.05572ee9.js (2)
[0321/122900.238:INFO:CONSOLE(2)] "[Connection Manager] Socket Opened 7a99fbb8-ea32-4ac8-a6b2-1fbc0967adda", source: https://student.focuspang.com/static/js/main.05572ee9.js (2)
[0321/122900.267:INFO:CONSOLE(2)] "[object Object]", source: https://student.focuspang.com/static/js/main.05572ee9.js (2)
[0321/122900.276:INFO:CONSOLE(2)] "[object Object]", source: https://student.focuspang.com/static/js/main.05572ee9.js (2)
[0321/122900.283:WARNING:dxgi_adapter_duplicator.cc(106)] Cannot initialize any DxgiOutputDuplicator instance.
[0321/122900.283:WARNING:dxgi_duplicator_controller.cc(260)] Failed to initialize DxgiAdapterDuplicator on adapter 1
[0321/122900.292:INFO:CONSOLE(2)] "networkSpeed 24.87", source: https://student.focuspang.com/static/js/main.05572ee9.js (2)
[0321/122900.308:INFO:CONSOLE(2)] "classsroomSessionData [object Object]", source: https://student.focuspang.com/static/js/main.05572ee9.js (2)
[0321/122900.318:INFO:CONSOLE(2)] "networkSpeed 24.87", source: https://student.focuspang.com/static/js/main.05572ee9.js (2)
[0321/122900.325:INFO:CONSOLE(2)] "[ClassManager] activeClassroom: [object Object]", source: https://student.focuspang.com/static/js/main.05572ee9.js (2)
[0321/122900.329:INFO:CONSOLE(2)] "TypeError: Cannot read properties of undefined (reading 'sendMessage')", source: https://student.focuspang.com/static/js/main.05572ee9.js (2)
[0321/122900.332:INFO:CONSOLE(2)] "networkSpeed 24.87", source: https://student.focuspang.com/static/js/main.05572ee9.js (2)
[0321/122900.340:INFO:CONSOLE(2)] "[object Object]", source: https://student.focuspang.com/static/js/main.05572ee9.js (2)
[0321/122900.362:INFO:CONSOLE(2)] "[object Object]", source: https://student.focuspang.com/static/js/main.05572ee9.js (2)
[0321/122900.385:INFO:CONSOLE(2)] "Socket queue 1", source: https://student.focuspang.com/static/js/main.05572ee9.js (2)
[0321/122900.385:INFO:CONSOLE(2)] "Socket queue [object Object],[object Object]", source: https://student.focuspang.com/static/js/main.05572ee9.js (2)
[0321/122900.395:INFO:CONSOLE(2)] "Socket queue 1", source: https://student.focuspang.com/static/js/main.05572ee9.js (2)
[0321/122900.395:INFO:CONSOLE(2)] "Socket queue ", source: https://student.focuspang.com/static/js/main.05572ee9.js (2)
[0321/122900.420:INFO:CONSOLE(2)] "[object Object]", source: https://student.focuspang.com/static/js/main.05572ee9.js (2)
[0321/122900.450:INFO:CONSOLE(2)] "[Classroom] timetable undefined", source: https://student.focuspang.com/static/js/main.05572ee9.js (2)
[0321/122900.475:INFO:CONSOLE(2)] "networkSpeed 24.87", source: https://student.focuspang.com/static/js/main.05572ee9.js (2)
[0321/122900.480:INFO:CONSOLE(2)] "[ClassManager] activeClassroom: [object Object]", source: https://student.focuspang.com/static/js/main.05572ee9.js (2)
[0321/122900.481:INFO:CONSOLE(2)] "TypeError: Cannot read properties of undefined (reading 'sendMessage')", source: https://student.focuspang.com/static/js/main.05572ee9.js (2)
[0321/122900.486:INFO:CONSOLE(2)] "networkSpeed 24.87", source: https://student.focuspang.com/static/js/main.05572ee9.js (2)
[0321/122900.486:INFO:CONSOLE(2)] "[ScreenManager] activeClassroomData false", source: https://student.focuspang.com/static/js/main.05572ee9.js (2)
[0321/122900.491:INFO:CONSOLE(2)] "[ScreenManager] Screen unlocked!", source: https://student.focuspang.com/static/js/main.05572ee9.js (2)
[0321/122900.491:INFO:CONSOLE(2)] "[ScreenManager] 확장프로그램으로 화면잠금 신호를 보내던 도중 문제가 발생하였습니다. TypeError: Cannot read properties of undefined (reading 'sendMessage')", source: https://student.focuspang.com/static/js/main.05572ee9.js (2)
[0321/122900.496:INFO:CONSOLE(2)] "postBackend:  participation [object Object] [object Object]", source: https://student.focuspang.com/static/js/main.05572ee9.js (2)
[0321/122900.505:INFO:CONSOLE(2)] "[object Object]", source: https://student.focuspang.com/static/js/main.05572ee9.js (2)
[0321/122900.570:INFO:CONSOLE(2)] "networkSpeed 24.87", source: https://student.focuspang.com/static/js/main.05572ee9.js (2)
[0321/122900.575:INFO:CONSOLE(2)] "[ClassManager] activeClassroom: [object Object]", source: https://student.focuspang.com/static/js/main.05572ee9.js (2)
[0321/122900.581:INFO:CONSOLE(2)] "TypeError: Cannot read properties of undefined (reading 'sendMessage')", source: https://student.focuspang.com/static/js/main.05572ee9.js (2)
[0321/122900.586:INFO:CONSOLE(2)] "networkSpeed 24.87", source: https://student.focuspang.com/static/js/main.05572ee9.js (2)
[0321/122900.586:INFO:CONSOLE(2)] "[Classroom] activeClassroom [object Object]", source: https://student.focuspang.com/static/js/main.05572ee9.js (2)
[0321/122900.670:INFO:CONSOLE(2)] "networkSpeed 24.87", source: https://student.focuspang.com/static/js/main.05572ee9.js (2)
[0321/122900.716:INFO:CONSOLE(2)] "[object Object]", source: https://student.focuspang.com/static/js/main.05572ee9.js (2)
[0321/122900.723:INFO:CONSOLE(2)] "[Classroom] programconfigs undefined", source: https://student.focuspang.com/static/js/main.05572ee9.js (2)
[0321/122900.728:INFO:CONSOLE(2)] "[object Object]", source: https://student.focuspang.com/static/js/main.05572ee9.js (2)
[0321/122900.735:INFO:CONSOLE(2)] "[object Object]", source: https://student.focuspang.com/static/js/main.05572ee9.js (2)
[0321/122900.752:INFO:CONSOLE(2)] "Socket queue 1", source: https://student.focuspang.com/static/js/main.05572ee9.js (2)
[0321/122900.752:INFO:CONSOLE(2)] "Socket queue [object Object]", source: https://student.focuspang.com/static/js/main.05572ee9.js (2)
[0321/122900.762:INFO:CONSOLE(2)] "Socket queue 1", source: https://student.focuspang.com/static/js/main.05572ee9.js (2)
[0321/122900.764:INFO:CONSOLE(2)] "Socket queue ", source: https://student.focuspang.com/static/js/main.05572ee9.js (2)
[0321/122900.770:INFO:CONSOLE(2)] "networkSpeed 24.87", source: https://student.focuspang.com/static/js/main.05572ee9.js (2)
[0321/122900.773:INFO:CONSOLE(2)] "[object Object]", source: https://student.focuspang.com/static/js/main.05572ee9.js (2)
[0321/122900.780:INFO:CONSOLE(2)] "[Classroom] filelinks undefined", source: https://student.focuspang.com/static/js/main.05572ee9.js (2)
[0321/122900.801:INFO:CONSOLE(2)] "[object Object]", source: https://student.focuspang.com/static/js/main.05572ee9.js (2)
[0321/122902.823:INFO:CONSOLE(2)] "networkSpeed 24.87", source: https://student.focuspang.com/static/js/main.05572ee9.js (2)
[0321/122904.968:INFO:CONSOLE(2)] "크롬 확장 프로그램이 설치되어 있지 않거나 확장 프로그램 아이디가 잘못되었습니다.", source: https://student.focuspang.com/static/js/main.05572ee9.js (2)
[0321/122904.971:INFO:CONSOLE(2)] "크롬 확장 프로그램이 설치되어 있지 않거나 확장 프로그램 아이디가 잘못되었습니다.", source: https://student.focuspang.com/static/js/main.05572ee9.js (2)
